<?xml version="1.0" encoding="UTF-8"?>
<testsuite name="com.learn.safetrack.learn1.TestMainVerticle" tests="1" skipped="0" failures="0" errors="0" timestamp="2022-04-06T13:31:20" hostname="MacBook-Pro-de-Fabian.local" time="0.298">
  <properties/>
  <testcase name="verticle_deployed(Vertx, VertxTestContext)" classname="com.learn.safetrack.learn1.TestMainVerticle" time="0.298"/>
  <system-out><![CDATA[HTTP server started on port 8888
]]></system-out>
  <system-err><![CDATA[]]></system-err>
</testsuite>
